10:05:19.296 INFO  manager.ApplicationManager - All tests starts in 'Chrome' browser
10:05:20.803 INFO  tests.TestsBase - Name of test--->searchPeriodAnyFuture
10:05:20.807 INFO  manager.MyListener - Start find element --->By.id: city
10:05:20.835 INFO  manager.MyListener - The element with locator ---> By.id: city ---> was found
10:05:21.514 INFO  manager.MyListener - Start find element --->By.cssSelector: .pac-item
10:05:21.547 INFO  manager.MyListener - The element with locator ---> By.cssSelector: .pac-item ---> was found
10:05:22.105 INFO  manager.MyListener - Start find element --->By.id: dates
10:05:22.125 INFO  manager.MyListener - The element with locator ---> By.id: dates ---> was found
10:05:22.234 INFO  manager.MyListener - Start find element --->By.cssSelector: button[aria-label='Next month']
10:05:22.261 INFO  manager.MyListener - The element with locator ---> By.cssSelector: button[aria-label='Next month'] ---> was found
10:05:22.319 INFO  manager.MyListener - Start find element --->By.xpath: //div[text()=' 30 ']
10:05:22.341 INFO  manager.MyListener - The element with locator ---> By.xpath: //div[text()=' 30 '] ---> was found
10:05:22.402 INFO  manager.MyListener - Start find element --->By.cssSelector: button[aria-label='Next month']
10:05:22.413 INFO  manager.MyListener - The element with locator ---> By.cssSelector: button[aria-label='Next month'] ---> was found
10:05:22.467 INFO  manager.MyListener - Start find element --->By.xpath: //div[text()=' 25 ']
10:05:22.496 INFO  manager.MyListener - The element with locator ---> By.xpath: //div[text()=' 25 '] ---> was found
10:05:22.554 INFO  manager.MyListener - Start find element --->By.cssSelector: [type='submit']
10:05:22.570 INFO  manager.MyListener - The element with locator ---> By.cssSelector: [type='submit'] ---> was found
10:05:22.661 INFO  manager.MyListener - Start find element --->By.cssSelector: .search-results
10:05:22.688 INFO  manager.MyListener - The element with locator ---> By.cssSelector: .search-results ---> was found
10:05:22.693 INFO  manager.MyListener - Start find element --->By.cssSelector: .header a[href='/']
10:05:22.755 INFO  manager.MyListener - The element with locator ---> By.cssSelector: .header a[href='/'] ---> was found
10:05:23.033 INFO  tests.TestsBase - Name of test--->searchPeriodCurrentMonth
10:05:23.034 INFO  manager.MyListener - Start find element --->By.id: city
10:05:23.056 INFO  manager.MyListener - The element with locator ---> By.id: city ---> was found
10:05:23.745 INFO  manager.MyListener - Start find element --->By.cssSelector: .pac-item
10:05:23.774 INFO  manager.MyListener - The element with locator ---> By.cssSelector: .pac-item ---> was found
10:05:24.331 INFO  manager.MyListener - Start find element --->By.id: dates
10:05:24.353 INFO  manager.MyListener - The element with locator ---> By.id: dates ---> was found
10:05:24.427 INFO  manager.MyListener - Start find element --->By.xpath: //div[text()=' 19 ']
10:05:24.450 INFO  manager.MyListener - The element with locator ---> By.xpath: //div[text()=' 19 '] ---> was found
10:05:24.499 INFO  manager.MyListener - Start find element --->By.xpath: //div[text()=' 25 ']
10:05:24.522 INFO  manager.MyListener - The element with locator ---> By.xpath: //div[text()=' 25 '] ---> was found
10:05:29.591 INFO  manager.MyListener - Start find element --->By.cssSelector: [type='submit']
10:05:29.618 INFO  manager.MyListener - The element with locator ---> By.cssSelector: [type='submit'] ---> was found
10:05:29.716 INFO  manager.MyListener - Start find element --->By.cssSelector: .search-results
10:05:29.758 INFO  manager.MyListener - The element with locator ---> By.cssSelector: .search-results ---> was found
10:05:29.759 INFO  manager.MyListener - Start find element --->By.cssSelector: .header a[href='/']
10:05:29.780 INFO  manager.MyListener - The element with locator ---> By.cssSelector: .header a[href='/'] ---> was found
