16:24:00.301 INFO  manager.ApplicationManager - All tests starts in 'Chrome' browser
16:24:01.793 INFO  tests.TestsBase - Name of test--->searchPeriodAnyFuture
16:24:01.795 INFO  manager.MyListener - Start find element --->By.id: city
16:24:01.827 INFO  manager.MyListener - The element with locator ---> By.id: city ---> was found
16:24:02.506 INFO  manager.MyListener - Start find element --->By.cssSelector: .pac-item
16:24:02.531 INFO  manager.MyListener - The element with locator ---> By.cssSelector: .pac-item ---> was found
16:24:03.084 INFO  manager.MyListener - Start find element --->By.id: dates
16:24:03.103 INFO  manager.MyListener - The element with locator ---> By.id: dates ---> was found
16:24:03.192 INFO  manager.MyListener - Start find element --->By.cssSelector: button[aria-label='Next month']
16:24:03.211 INFO  manager.MyListener - The element with locator ---> By.cssSelector: button[aria-label='Next month'] ---> was found
16:24:03.281 INFO  manager.MyListener - Start find element --->By.xpath: //div[text()=' 30 ']
16:24:03.309 INFO  manager.MyListener - The element with locator ---> By.xpath: //div[text()=' 30 '] ---> was found
16:24:03.373 INFO  manager.MyListener - Start find element --->By.cssSelector: button[aria-label='Next month']
16:24:03.396 INFO  manager.MyListener - The element with locator ---> By.cssSelector: button[aria-label='Next month'] ---> was found
16:24:03.446 INFO  manager.MyListener - Start find element --->By.xpath: //div[text()=' 25 ']
16:24:03.463 INFO  manager.MyListener - The element with locator ---> By.xpath: //div[text()=' 25 '] ---> was found
16:24:03.519 INFO  manager.MyListener - Start find element --->By.cssSelector: [type='submit']
16:24:03.542 INFO  manager.MyListener - The element with locator ---> By.cssSelector: [type='submit'] ---> was found
16:24:05.633 INFO  manager.MyListener - Start find element --->By.cssSelector: .search-results
16:24:05.676 INFO  manager.MyListener - The element with locator ---> By.cssSelector: .search-results ---> was found
16:24:05.678 INFO  manager.MyListener - Start find element --->By.cssSelector: a[href$='/search']
16:24:05.706 INFO  manager.MyListener - The element with locator ---> By.cssSelector: a[href$='/search'] ---> was found
16:24:05.777 INFO  manager.MyListener - Start find element --->By.cssSelector: a[href$='/search']
16:24:05.793 INFO  manager.MyListener - The element with locator ---> By.cssSelector: a[href$='/search'] ---> was found
16:24:05.836 INFO  tests.TestsBase - Name of test--->typePeriodInPast
16:24:05.836 INFO  manager.MyListener - Start find element --->By.cssSelector: a[href$='/search']
16:24:05.856 INFO  manager.MyListener - The element with locator ---> By.cssSelector: a[href$='/search'] ---> was found
16:24:07.891 INFO  manager.MyListener - Start find element --->By.id: city
16:24:07.913 INFO  manager.MyListener - The element with locator ---> By.id: city ---> was found
16:24:08.574 INFO  manager.MyListener - Start find element --->By.cssSelector: .pac-item
16:24:08.598 INFO  manager.MyListener - The element with locator ---> By.cssSelector: .pac-item ---> was found
16:24:09.152 INFO  manager.MyListener - Start find element --->By.id: dates
16:24:09.174 INFO  manager.MyListener - The element with locator ---> By.id: dates ---> was found
16:24:09.346 INFO  manager.MyListener - Start find element --->By.cssSelector: .cdk-overlay-container
16:24:09.368 INFO  manager.MyListener - The element with locator ---> By.cssSelector: .cdk-overlay-container ---> was found
16:24:11.414 INFO  manager.MyListener - Start find element --->By.cssSelector: .error .ng-star-inserted
16:24:11.447 INFO  manager.MyListener - The element with locator ---> By.cssSelector: .error .ng-star-inserted ---> was found
16:24:11.475 INFO  manager.MyListener - Start find element --->By.cssSelector: a[href$='/search']
16:24:11.500 INFO  manager.MyListener - The element with locator ---> By.cssSelector: a[href$='/search'] ---> was found
