16:41:34.180 INFO  manager.ApplicationManager - All tests starts in 'Chrome' browser
16:41:35.723 INFO  tests.TestsBase - Name of test--->searchPeriodAnyFuture
16:41:35.726 INFO  manager.MyListener - Start find element --->By.id: city
16:41:35.764 INFO  manager.MyListener - The element with locator ---> By.id: city ---> was found
16:41:36.427 INFO  manager.MyListener - Start find element --->By.cssSelector: .pac-item
16:41:36.455 INFO  manager.MyListener - The element with locator ---> By.cssSelector: .pac-item ---> was found
16:41:37.016 INFO  manager.MyListener - Start find element --->By.id: dates
16:41:37.036 INFO  manager.MyListener - The element with locator ---> By.id: dates ---> was found
16:41:37.125 INFO  manager.MyListener - Start find element --->By.cssSelector: button[aria-label='Next month']
16:41:37.145 INFO  manager.MyListener - The element with locator ---> By.cssSelector: button[aria-label='Next month'] ---> was found
16:41:37.204 INFO  manager.MyListener - Start find element --->By.xpath: //div[text()=' 30 ']
16:41:37.225 INFO  manager.MyListener - The element with locator ---> By.xpath: //div[text()=' 30 '] ---> was found
16:41:37.292 INFO  manager.MyListener - Start find element --->By.cssSelector: button[aria-label='Next month']
16:41:37.318 INFO  manager.MyListener - The element with locator ---> By.cssSelector: button[aria-label='Next month'] ---> was found
16:41:37.372 INFO  manager.MyListener - Start find element --->By.xpath: //div[text()=' 25 ']
16:41:37.396 INFO  manager.MyListener - The element with locator ---> By.xpath: //div[text()=' 25 '] ---> was found
16:41:37.451 INFO  manager.MyListener - Start find element --->By.cssSelector: [type='submit']
16:41:37.472 INFO  manager.MyListener - The element with locator ---> By.cssSelector: [type='submit'] ---> was found
16:41:39.563 INFO  manager.MyListener - Start find element --->By.cssSelector: .search-results
16:41:39.596 INFO  manager.MyListener - The element with locator ---> By.cssSelector: .search-results ---> was found
16:41:39.598 INFO  manager.MyListener - Start find element --->By.cssSelector: a[href$='/search']
16:41:39.618 INFO  manager.MyListener - The element with locator ---> By.cssSelector: a[href$='/search'] ---> was found
16:41:39.676 INFO  manager.MyListener - Start find element --->By.cssSelector: a[href$='/search']
16:41:39.694 INFO  manager.MyListener - The element with locator ---> By.cssSelector: a[href$='/search'] ---> was found
16:41:39.728 INFO  tests.TestsBase - Name of test--->typePeriodInPast
16:41:39.729 INFO  manager.MyListener - Start find element --->By.cssSelector: a[href$='/search']
16:41:39.742 INFO  manager.MyListener - The element with locator ---> By.cssSelector: a[href$='/search'] ---> was found
16:41:41.772 INFO  manager.MyListener - Start find element --->By.id: city
16:41:41.795 INFO  manager.MyListener - The element with locator ---> By.id: city ---> was found
16:41:42.454 INFO  manager.MyListener - Start find element --->By.cssSelector: .pac-item
16:41:42.479 INFO  manager.MyListener - The element with locator ---> By.cssSelector: .pac-item ---> was found
16:41:43.028 INFO  manager.MyListener - Start find element --->By.id: dates
16:41:43.050 INFO  manager.MyListener - The element with locator ---> By.id: dates ---> was found
16:41:43.253 INFO  manager.MyListener - Start find element --->By.cssSelector: .cdk-overlay-container
16:41:43.268 INFO  manager.MyListener - The element with locator ---> By.cssSelector: .cdk-overlay-container ---> was found
16:41:45.310 INFO  manager.MyListener - Start find element --->By.cssSelector: .error .ng-star-inserted
16:41:57.524 INFO  manager.MyListener - We have a throwable -->chrome not reachable
  (Session info: chrome=100.0.4896.127)
Build info: version: '3.141.59', revision: 'e82be7d358', time: '2018-11-14T08:17:03'
System info: host: 'DESKTOP-889P2QA', ip: '192.168.1.194', os.name: 'Windows 10', os.arch: 'amd64', os.version: '10.0', java.version: '11.0.13'
Driver info: org.openqa.selenium.chrome.ChromeDriver
Capabilities {acceptInsecureCerts: false, browserName: chrome, browserVersion: 100.0.4896.127, chrome: {chromedriverVersion: 99.0.4844.51 (d537ec02474b5..., userDataDir: C:\Users\user\AppData\Local...}, goog:chromeOptions: {debuggerAddress: localhost:53657}, javascriptEnabled: true, networkConnectionEnabled: false, pageLoadStrategy: normal, platform: WINDOWS, platformName: WINDOWS, proxy: Proxy(), setWindowRect: true, strictFileInteractability: false, timeouts: {implicit: 0, pageLoad: 300000, script: 30000}, unhandledPromptBehavior: dismiss and notify, webauthn:extension:credBlob: true, webauthn:extension:largeBlob: true, webauthn:virtualAuthenticators: true}
Session ID: 2c561345bfedac1d1a22b263c608b81e
*** Element info: {Using=css selector, value=.error .ng-star-inserted}
16:41:57.525 INFO  manager.MyListener - org.openqa.selenium.WebDriverException: chrome not reachable
  (Session info: chrome=100.0.4896.127)
Build info: version: '3.141.59', revision: 'e82be7d358', time: '2018-11-14T08:17:03'
System info: host: 'DESKTOP-889P2QA', ip: '192.168.1.194', os.name: 'Windows 10', os.arch: 'amd64', os.version: '10.0', java.version: '11.0.13'
Driver info: org.openqa.selenium.chrome.ChromeDriver
Capabilities {acceptInsecureCerts: false, browserName: chrome, browserVersion: 100.0.4896.127, chrome: {chromedriverVersion: 99.0.4844.51 (d537ec02474b5..., userDataDir: C:\Users\user\AppData\Local...}, goog:chromeOptions: {debuggerAddress: localhost:53657}, javascriptEnabled: true, networkConnectionEnabled: false, pageLoadStrategy: normal, platform: WINDOWS, platformName: WINDOWS, proxy: Proxy(), setWindowRect: true, strictFileInteractability: false, timeouts: {implicit: 0, pageLoad: 300000, script: 30000}, unhandledPromptBehavior: dismiss and notify, webauthn:extension:credBlob: true, webauthn:extension:largeBlob: true, webauthn:virtualAuthenticators: true}
Session ID: 2c561345bfedac1d1a22b263c608b81e
*** Element info: {Using=css selector, value=.error .ng-star-inserted}
16:41:57.525 INFO  manager.MyListener - This is number of your screen-->
16:41:57.532 INFO  manager.MyListener - This is number of your screen-->src/test/screenshots/2517.png
16:42:09.710 INFO  manager.MyListener - Start find element --->By.cssSelector: a[href$='/search']
16:42:21.899 INFO  manager.MyListener - We have a throwable -->chrome not reachable
  (Session info: chrome=100.0.4896.127)
Build info: version: '3.141.59', revision: 'e82be7d358', time: '2018-11-14T08:17:03'
System info: host: 'DESKTOP-889P2QA', ip: '192.168.1.194', os.name: 'Windows 10', os.arch: 'amd64', os.version: '10.0', java.version: '11.0.13'
Driver info: org.openqa.selenium.chrome.ChromeDriver
Capabilities {acceptInsecureCerts: false, browserName: chrome, browserVersion: 100.0.4896.127, chrome: {chromedriverVersion: 99.0.4844.51 (d537ec02474b5..., userDataDir: C:\Users\user\AppData\Local...}, goog:chromeOptions: {debuggerAddress: localhost:53657}, javascriptEnabled: true, networkConnectionEnabled: false, pageLoadStrategy: normal, platform: WINDOWS, platformName: WINDOWS, proxy: Proxy(), setWindowRect: true, strictFileInteractability: false, timeouts: {implicit: 0, pageLoad: 300000, script: 30000}, unhandledPromptBehavior: dismiss and notify, webauthn:extension:credBlob: true, webauthn:extension:largeBlob: true, webauthn:virtualAuthenticators: true}
Session ID: 2c561345bfedac1d1a22b263c608b81e
*** Element info: {Using=css selector, value=a[href$='/search']}
16:42:21.899 INFO  manager.MyListener - org.openqa.selenium.WebDriverException: chrome not reachable
  (Session info: chrome=100.0.4896.127)
Build info: version: '3.141.59', revision: 'e82be7d358', time: '2018-11-14T08:17:03'
System info: host: 'DESKTOP-889P2QA', ip: '192.168.1.194', os.name: 'Windows 10', os.arch: 'amd64', os.version: '10.0', java.version: '11.0.13'
Driver info: org.openqa.selenium.chrome.ChromeDriver
Capabilities {acceptInsecureCerts: false, browserName: chrome, browserVersion: 100.0.4896.127, chrome: {chromedriverVersion: 99.0.4844.51 (d537ec02474b5..., userDataDir: C:\Users\user\AppData\Local...}, goog:chromeOptions: {debuggerAddress: localhost:53657}, javascriptEnabled: true, networkConnectionEnabled: false, pageLoadStrategy: normal, platform: WINDOWS, platformName: WINDOWS, proxy: Proxy(), setWindowRect: true, strictFileInteractability: false, timeouts: {implicit: 0, pageLoad: 300000, script: 30000}, unhandledPromptBehavior: dismiss and notify, webauthn:extension:credBlob: true, webauthn:extension:largeBlob: true, webauthn:virtualAuthenticators: true}
Session ID: 2c561345bfedac1d1a22b263c608b81e
*** Element info: {Using=css selector, value=a[href$='/search']}
16:42:21.900 INFO  manager.MyListener - This is number of your screen-->
16:42:21.901 INFO  manager.MyListener - This is number of your screen-->src/test/screenshots/2541.png
