10:03:58.823 INFO  manager.ApplicationManager - All tests starts in 'Chrome' browser
10:04:00.359 INFO  tests.TestsBase - Name of test--->searchPeriodAnyFuture
10:04:00.362 INFO  manager.MyListener - Start find element --->By.id: city
10:04:00.392 INFO  manager.MyListener - The element with locator ---> By.id: city ---> was found
10:04:01.141 INFO  manager.MyListener - Start find element --->By.cssSelector: .pac-item
10:04:01.173 INFO  manager.MyListener - The element with locator ---> By.cssSelector: .pac-item ---> was found
10:04:01.737 INFO  manager.MyListener - Start find element --->By.id: dates
10:04:01.754 INFO  manager.MyListener - The element with locator ---> By.id: dates ---> was found
10:04:01.877 INFO  manager.MyListener - Start find element --->By.cssSelector: button[aria-label='Next month']
10:04:01.895 INFO  manager.MyListener - The element with locator ---> By.cssSelector: button[aria-label='Next month'] ---> was found
10:04:01.972 INFO  manager.MyListener - Start find element --->By.xpath: //div[text()=' 30 ']
10:04:02.003 INFO  manager.MyListener - The element with locator ---> By.xpath: //div[text()=' 30 '] ---> was found
10:04:02.074 INFO  manager.MyListener - Start find element --->By.cssSelector: button[aria-label='Next month']
10:04:02.091 INFO  manager.MyListener - The element with locator ---> By.cssSelector: button[aria-label='Next month'] ---> was found
10:04:02.149 INFO  manager.MyListener - Start find element --->By.xpath: //div[text()=' 25 ']
10:04:02.176 INFO  manager.MyListener - The element with locator ---> By.xpath: //div[text()=' 25 '] ---> was found
10:04:02.237 INFO  manager.MyListener - Start find element --->By.cssSelector: [type='submit']
10:04:02.255 INFO  manager.MyListener - The element with locator ---> By.cssSelector: [type='submit'] ---> was found
10:04:02.351 INFO  manager.MyListener - Start find element --->By.cssSelector: .search-results
10:04:02.386 INFO  manager.MyListener - The element with locator ---> By.cssSelector: .search-results ---> was found
10:04:02.391 INFO  manager.MyListener - Start find element --->By.cssSelector: .header a[href='/']
10:04:02.467 INFO  manager.MyListener - The element with locator ---> By.cssSelector: .header a[href='/'] ---> was found
10:04:02.782 INFO  tests.TestsBase - Name of test--->searchPeriodCurrentMonth
10:04:02.785 INFO  manager.MyListener - Start find element --->By.id: city
10:04:02.812 INFO  manager.MyListener - The element with locator ---> By.id: city ---> was found
10:04:03.519 INFO  manager.MyListener - Start find element --->By.cssSelector: .pac-item
10:04:03.546 INFO  manager.MyListener - The element with locator ---> By.cssSelector: .pac-item ---> was found
10:04:04.110 INFO  manager.MyListener - Start find element --->By.id: dates
10:04:04.137 INFO  manager.MyListener - The element with locator ---> By.id: dates ---> was found
10:04:04.235 INFO  manager.MyListener - Start find element --->By.xpath: //div[text()=' 19 ']
10:04:04.260 INFO  manager.MyListener - The element with locator ---> By.xpath: //div[text()=' 19 '] ---> was found
10:04:04.317 INFO  manager.MyListener - Start find element --->By.xpath: //div[text()=' 25 ']
10:04:04.330 INFO  manager.MyListener - The element with locator ---> By.xpath: //div[text()=' 25 '] ---> was found
10:04:09.398 INFO  manager.MyListener - Start find element --->By.cssSelector: [type='submit']
10:04:09.425 INFO  manager.MyListener - The element with locator ---> By.cssSelector: [type='submit'] ---> was found
10:04:09.529 INFO  manager.MyListener - Start find element --->By.cssSelector: .search-results
10:04:09.578 INFO  manager.MyListener - The element with locator ---> By.cssSelector: .search-results ---> was found
10:04:09.580 INFO  manager.MyListener - Start find element --->By.cssSelector: .header a[href='/']
10:04:09.598 INFO  manager.MyListener - The element with locator ---> By.cssSelector: .header a[href='/'] ---> was found
